[debug] [2025-01-18T22:05:00.762Z] ----------------------------------------------------------------------
[debug] [2025-01-18T22:05:00.765Z] Command:       /usr/local/bin/node /usr/local/bin/firebase deploy
[debug] [2025-01-18T22:05:00.765Z] CLI Version:   12.9.1
[debug] [2025-01-18T22:05:00.765Z] Platform:      darwin
[debug] [2025-01-18T22:05:00.766Z] Node Version:  v18.18.0
[debug] [2025-01-18T22:05:00.774Z] Time:          Sat Jan 18 2025 23:05:00 GMT+0100 (Central European Standard Time)
[debug] [2025-01-18T22:05:00.775Z] ----------------------------------------------------------------------
[debug] 
[debug] [2025-01-18T22:05:00.778Z] >>> [apiv2][query] GET https://firebase-public.firebaseio.com/cli.json [none]
[debug] [2025-01-18T22:05:00.900Z] > command requires scopes: ["email","openid","https://www.googleapis.com/auth/cloudplatformprojects.readonly","https://www.googleapis.com/auth/firebase","https://www.googleapis.com/auth/cloud-platform"]
[debug] [2025-01-18T22:05:00.900Z] > authorizing via signed-in user (hashiban.develop@gmail.com)
[debug] [2025-01-18T22:05:00.900Z] [iam] checking project eiwittens for permissions ["firebase.projects.get","firebasehosting.sites.update"]
[debug] [2025-01-18T22:05:00.901Z] > refreshing access token with scopes: []
[debug] [2025-01-18T22:05:00.902Z] >>> [apiv2][query] POST https://www.googleapis.com/oauth2/v3/token [none]
[debug] [2025-01-18T22:05:00.902Z] >>> [apiv2][body] POST https://www.googleapis.com/oauth2/v3/token [omitted]
[debug] [2025-01-18T22:05:01.040Z] <<< [apiv2][status] POST https://www.googleapis.com/oauth2/v3/token 200
[debug] [2025-01-18T22:05:01.040Z] <<< [apiv2][body] POST https://www.googleapis.com/oauth2/v3/token [omitted]
[debug] [2025-01-18T22:05:01.082Z] >>> [apiv2][query] POST https://cloudresourcemanager.googleapis.com/v1/projects/eiwittens:testIamPermissions [none]
[debug] [2025-01-18T22:05:01.083Z] >>> [apiv2][(partial)header] POST https://cloudresourcemanager.googleapis.com/v1/projects/eiwittens:testIamPermissions x-goog-quota-user=projects/eiwittens
[debug] [2025-01-18T22:05:01.083Z] >>> [apiv2][body] POST https://cloudresourcemanager.googleapis.com/v1/projects/eiwittens:testIamPermissions {"permissions":["firebase.projects.get","firebasehosting.sites.update"]}
[debug] [2025-01-18T22:05:02.412Z] <<< [apiv2][status] POST https://cloudresourcemanager.googleapis.com/v1/projects/eiwittens:testIamPermissions 200
[debug] [2025-01-18T22:05:02.412Z] <<< [apiv2][body] POST https://cloudresourcemanager.googleapis.com/v1/projects/eiwittens:testIamPermissions {}
[debug] [2025-01-18T22:05:02.413Z] [iam] error while checking permissions, command may fail: FirebaseError: Authorization failed. This account is missing the following required permissions on project eiwittens:

  firebase.projects.get
  firebasehosting.sites.update
[debug] [2025-01-18T22:05:02.414Z] >>> [apiv2][query] GET https://firebase.googleapis.com/v1beta1/projects/eiwittens [none]
[debug] [2025-01-18T22:05:02.720Z] <<< [apiv2][status] GET https://firebase.googleapis.com/v1beta1/projects/eiwittens 403
[debug] [2025-01-18T22:05:02.720Z] <<< [apiv2][body] GET https://firebase.googleapis.com/v1beta1/projects/eiwittens {"error":{"code":403,"message":"The caller does not have permission","status":"PERMISSION_DENIED"}}
[debug] [2025-01-18T22:05:02.721Z] HTTP Error: 403, The caller does not have permission
[error] 
[error] Error: Assertion failed: resolving hosting target of a site with no site name or target name. This should have caused an error earlier
[debug] [2025-01-19T12:26:54.918Z] ----------------------------------------------------------------------
[debug] [2025-01-19T12:26:54.921Z] Command:       /usr/local/bin/node /usr/local/bin/firebase deploy
[debug] [2025-01-19T12:26:54.922Z] CLI Version:   12.9.1
[debug] [2025-01-19T12:26:54.922Z] Platform:      darwin
[debug] [2025-01-19T12:26:54.922Z] Node Version:  v18.18.0
[debug] [2025-01-19T12:26:54.934Z] Time:          Sun Jan 19 2025 13:26:54 GMT+0100 (Central European Standard Time)
[debug] [2025-01-19T12:26:54.934Z] ----------------------------------------------------------------------
[debug] 
[debug] [2025-01-19T12:26:54.938Z] >>> [apiv2][query] GET https://firebase-public.firebaseio.com/cli.json [none]
[debug] [2025-01-19T12:26:55.092Z] > command requires scopes: ["email","openid","https://www.googleapis.com/auth/cloudplatformprojects.readonly","https://www.googleapis.com/auth/firebase","https://www.googleapis.com/auth/cloud-platform"]
[debug] [2025-01-19T12:26:55.093Z] > authorizing via signed-in user (hashiban.develop@gmail.com)
[debug] [2025-01-19T12:26:55.093Z] [iam] checking project eiwittens for permissions ["firebase.projects.get","firebasehosting.sites.update"]
[debug] [2025-01-19T12:26:55.095Z] > refreshing access token with scopes: []
[debug] [2025-01-19T12:26:55.096Z] >>> [apiv2][query] POST https://www.googleapis.com/oauth2/v3/token [none]
[debug] [2025-01-19T12:26:55.096Z] >>> [apiv2][body] POST https://www.googleapis.com/oauth2/v3/token [omitted]
[debug] [2025-01-19T12:26:55.236Z] <<< [apiv2][status] POST https://www.googleapis.com/oauth2/v3/token 200
[debug] [2025-01-19T12:26:55.236Z] <<< [apiv2][body] POST https://www.googleapis.com/oauth2/v3/token [omitted]
[debug] [2025-01-19T12:26:55.272Z] >>> [apiv2][query] POST https://cloudresourcemanager.googleapis.com/v1/projects/eiwittens:testIamPermissions [none]
[debug] [2025-01-19T12:26:55.272Z] >>> [apiv2][(partial)header] POST https://cloudresourcemanager.googleapis.com/v1/projects/eiwittens:testIamPermissions x-goog-quota-user=projects/eiwittens
[debug] [2025-01-19T12:26:55.272Z] >>> [apiv2][body] POST https://cloudresourcemanager.googleapis.com/v1/projects/eiwittens:testIamPermissions {"permissions":["firebase.projects.get","firebasehosting.sites.update"]}
[debug] [2025-01-19T12:26:55.785Z] <<< [apiv2][status] GET https://firebase-public.firebaseio.com/cli.json 200
[debug] [2025-01-19T12:26:55.785Z] <<< [apiv2][body] GET https://firebase-public.firebaseio.com/cli.json {"cloudBuildErrorAfter":1594252800000,"cloudBuildWarnAfter":1590019200000,"defaultNode10After":1594252800000,"minVersion":"3.0.5","node8DeploysDisabledAfter":1613390400000,"node8RuntimeDisabledAfter":1615809600000,"node8WarnAfter":1600128000000}
[debug] [2025-01-19T12:26:56.601Z] <<< [apiv2][status] POST https://cloudresourcemanager.googleapis.com/v1/projects/eiwittens:testIamPermissions 200
[debug] [2025-01-19T12:26:56.601Z] <<< [apiv2][body] POST https://cloudresourcemanager.googleapis.com/v1/projects/eiwittens:testIamPermissions {}
[debug] [2025-01-19T12:26:56.602Z] [iam] error while checking permissions, command may fail: FirebaseError: Authorization failed. This account is missing the following required permissions on project eiwittens:

  firebase.projects.get
  firebasehosting.sites.update
[debug] [2025-01-19T12:26:56.603Z] >>> [apiv2][query] GET https://firebase.googleapis.com/v1beta1/projects/eiwittens [none]
[debug] [2025-01-19T12:26:56.896Z] <<< [apiv2][status] GET https://firebase.googleapis.com/v1beta1/projects/eiwittens 403
[debug] [2025-01-19T12:26:56.896Z] <<< [apiv2][body] GET https://firebase.googleapis.com/v1beta1/projects/eiwittens {"error":{"code":403,"message":"The caller does not have permission","status":"PERMISSION_DENIED"}}
[debug] [2025-01-19T12:26:56.898Z] HTTP Error: 403, The caller does not have permission
[error] 
[error] Error: Assertion failed: resolving hosting target of a site with no site name or target name. This should have caused an error earlier
